<?xml version="1.0" encoding="UTF-8"?>
<testng-results ignored="0" total="1" passed="1" failed="0" skipped="0">
  <reporter-output>
  </reporter-output>
  <suite started-at="2026-05-27T19:21:56 IST" name="Default suite" finished-at="2026-05-27T19:22:10 IST" duration-ms="13720">
    <groups>
    </groups>
    <test started-at="2026-05-27T19:21:56 IST" name="Default test" finished-at="2026-05-27T19:22:10 IST" duration-ms="13720">
      <class name="com.zomato.TestScripts.TC_002_Add_Address">
        <test-method is-config="true" signature="bs()[pri:0, instance:com.zomato.TestScripts.TC_002_Add_Address@8f4ea7c]" started-at="2026-05-27T19:21:56 IST" name="bs" finished-at="2026-05-27T19:21:56 IST" duration-ms="18" status="PASS">
          <reporter-output>
          </reporter-output>
        </test-method> <!-- bs -->
        <test-method is-config="true" signature="bt()[pri:0, instance:com.zomato.TestScripts.TC_002_Add_Address@8f4ea7c]" started-at="2026-05-27T19:21:56 IST" name="bt" finished-at="2026-05-27T19:21:56 IST" duration-ms="249" status="PASS">
          <reporter-output>
          </reporter-output>
        </test-method> <!-- bt -->
        <test-method is-config="true" signature="bc()[pri:0, instance:com.zomato.TestScripts.TC_002_Add_Address@8f4ea7c]" started-at="2026-05-27T19:21:56 IST" name="bc" finished-at="2026-05-27T19:22:05 IST" duration-ms="9335" status="PASS">
          <reporter-output>
          </reporter-output>
        </test-method> <!-- bc -->
        <test-method signature="addAddress()[pri:0, instance:com.zomato.TestScripts.TC_002_Add_Address@8f4ea7c]" started-at="2026-05-27T19:22:05 IST" name="addAddress" finished-at="2026-05-27T19:22:06 IST" duration-ms="560" status="PASS">
          <reporter-output>
          </reporter-output>
        </test-method> <!-- addAddress -->
        <test-method is-config="true" signature="ac()[pri:0, instance:com.zomato.TestScripts.TC_002_Add_Address@8f4ea7c]" started-at="2026-05-27T19:22:06 IST" name="ac" finished-at="2026-05-27T19:22:09 IST" duration-ms="3216" status="PASS">
          <reporter-output>
          </reporter-output>
        </test-method> <!-- ac -->
        <test-method is-config="true" signature="at()[pri:0, instance:com.zomato.TestScripts.TC_002_Add_Address@8f4ea7c]" started-at="2026-05-27T19:22:09 IST" name="at" finished-at="2026-05-27T19:22:10 IST" duration-ms="308" status="PASS">
          <reporter-output>
          </reporter-output>
        </test-method> <!-- at -->
        <test-method is-config="true" signature="as()[pri:0, instance:com.zomato.TestScripts.TC_002_Add_Address@8f4ea7c]" started-at="2026-05-27T19:22:10 IST" name="as" finished-at="2026-05-27T19:22:10 IST" duration-ms="1" status="PASS">
          <reporter-output>
          </reporter-output>
        </test-method> <!-- as -->
      </class> <!-- com.zomato.TestScripts.TC_002_Add_Address -->
    </test> <!-- Default test -->
  </suite> <!-- Default suite -->
</testng-results>
